2025-07-21 09:32:07,581 - INFO - Iniciando processo de download para playlists...
2025-07-21 09:32:07,581 - INFO - Tentativa 1/3: Baixando http://m3u4u.com/m3u/3wk1y24kx7uzdevxygz7
2025-07-21 09:32:07,581 - INFO - Tentativa 1/3: Baixando http://m3u4u.com/m3u/jq2zy9epr3bwxmgwyxr5
2025-07-21 09:32:07,582 - INFO - Tentativa 1/3: Baixando http://m3u4u.com/m3u/782dyqdrqkh1xegen4zp
2025-07-21 09:32:07,582 - INFO - Tentativa 1/3: Baixando https://gitlab.com/josieljefferson12/playlists/-/raw/main/PiauiTV.m3u
2025-07-21 09:32:07,583 - INFO - Tentativa 1/3: Baixando https://gitlab.com/josieljefferson12/playlists/-/raw/main/m3u4u_proton.me.m3u
2025-07-21 09:32:08,042 - INFO - Sucesso: /home/runner/work/playlists.github.io/playlists.github.io/playlists/PiauiTV.m3u | Tamanho: 76851 bytes | Hash: ed19d1bee8112f753504aab432876025
2025-07-21 09:32:08,043 - INFO - Tentativa 1/3: Baixando https://gitlab.com/josieljefferson12/playlists/-/raw/main/playlist.m3u
2025-07-21 09:32:08,117 - INFO - Sucesso: /home/runner/work/playlists.github.io/playlists.github.io/playlists/m3u@proton.me.m3u | Tamanho: 4700379 bytes | Hash: 17e34181bba3a93ed726df4bc76b9a9c
2025-07-21 09:32:08,117 - INFO - Tentativa 1/3: Baixando https://gitlab.com/josieljefferson12/playlists/-/raw/main/pornstars.m3u
2025-07-21 09:32:08,473 - INFO - Sucesso: /home/runner/work/playlists.github.io/playlists.github.io/playlists/playlist.m3u | Tamanho: 7683 bytes | Hash: 3e976aad490fcdfb60d874b9a6a08d2c
2025-07-21 09:32:08,473 - INFO - Tentativa 1/3: Baixando http://m3u4u.com/epg/3wk1y24kx7uzdevxygz7
2025-07-21 09:32:08,602 - INFO - Sucesso: /home/runner/work/playlists.github.io/playlists.github.io/playlists/pornstars.m3u | Tamanho: 95277 bytes | Hash: 8cfd88316cc3e3626533f460039bc095
2025-07-21 09:32:08,603 - INFO - Tentativa 1/3: Baixando http://m3u4u.com/epg/jq2zy9epr3bwxmgwyxr5
2025-07-21 09:32:08,801 - INFO - Sucesso: /home/runner/work/playlists.github.io/playlists.github.io/playlists/epgbrasilportugal.m3u | Tamanho: 6833 bytes | Hash: 2b8d239a20f299fbb89cf6cc8933170f
2025-07-21 09:32:08,802 - INFO - Tentativa 1/3: Baixando http://m3u4u.com/epg/782dyqdrqkh1xegen4zp
2025-07-21 09:32:08,854 - INFO - Sucesso: /home/runner/work/playlists.github.io/playlists.github.io/playlists/epgbrasil.m3u | Tamanho: 639011 bytes | Hash: b45a4ecb7e9e16b774d737233baa4560
2025-07-21 09:32:08,955 - INFO - Sucesso: /home/runner/work/playlists.github.io/playlists.github.io/playlists/epgportugal.m3u | Tamanho: 2262348 bytes | Hash: fce788edd736f5407b18f61966f41949
2025-07-21 09:32:09,987 - INFO - Sucesso: /home/runner/work/playlists.github.io/playlists.github.io/playlists/epgbrasil.xml.gz | Tamanho: 771522 bytes | Hash: d0a5baf7f4e8d97ee741f78a6927a74b
2025-07-21 09:32:10,010 - INFO - Sucesso: /home/runner/work/playlists.github.io/playlists.github.io/playlists/epgportugal.xml.gz | Tamanho: 1993086 bytes | Hash: 9364885d2b55a41628824f999d644e04
2025-07-21 09:32:10,103 - INFO - Sucesso: /home/runner/work/playlists.github.io/playlists.github.io/playlists/epgbrasilportugal.xml.gz | Tamanho: 111729 bytes | Hash: e709b2ff428a55b9454953dc7f30083e
2025-07-21 09:32:10,104 - INFO - Todos os downloads foram concluídos com sucesso!
2025-07-21 09:32:10,247 - INFO - Removendo arquivos antigos...
2025-07-21 09:32:10,247 - INFO - Iniciando downloads...
2025-07-21 09:32:10,247 - INFO - Tentativa 1 de 3: Baixando de: http://m3u4u.com/m3u/3wk1y24kx7uzdevxygz7
2025-07-21 09:32:10,247 - INFO - Tentativa 1 de 3: Baixando de: http://m3u4u.com/m3u/jq2zy9epr3bwxmgwyxr5
2025-07-21 09:32:10,248 - INFO - Tentativa 1 de 3: Baixando de: http://m3u4u.com/m3u/782dyqdrqkh1xegen4zp
2025-07-21 09:32:10,253 - INFO - Tentativa 1 de 3: Baixando de: https://gitlab.com/josieljefferson12/playlists/-/raw/main/PiauiTV.m3u
2025-07-21 09:32:10,255 - INFO - Tentativa 1 de 3: Baixando de: https://gitlab.com/josieljefferson12/playlists/-/raw/main/m3u4u_proton.me.m3u
2025-07-21 09:32:10,515 - INFO - Sucesso: /home/runner/work/playlists.github.io/playlists.github.io/PiauiTV.m3u (76851 bytes)
2025-07-21 09:32:10,515 - INFO - Hash MD5: ed19d1bee8112f753504aab432876025
2025-07-21 09:32:10,515 - INFO - Tentativa 1 de 3: Baixando de: https://gitlab.com/josieljefferson12/playlists/-/raw/main/playlist.m3u
2025-07-21 09:32:10,682 - INFO - Sucesso: /home/runner/work/playlists.github.io/playlists.github.io/m3u@proton.me.m3u (4700379 bytes)
2025-07-21 09:32:10,691 - INFO - Hash MD5: 17e34181bba3a93ed726df4bc76b9a9c
2025-07-21 09:32:10,691 - INFO - Tentativa 1 de 3: Baixando de: https://gitlab.com/josieljefferson12/playlists/-/raw/main/pornstars.m3u
2025-07-21 09:32:10,762 - INFO - Sucesso: /home/runner/work/playlists.github.io/playlists.github.io/playlist.m3u (7683 bytes)
2025-07-21 09:32:10,762 - INFO - Hash MD5: 3e976aad490fcdfb60d874b9a6a08d2c
2025-07-21 09:32:10,763 - INFO - Tentativa 1 de 3: Baixando de: http://m3u4u.com/epg/3wk1y24kx7uzdevxygz7
2025-07-21 09:32:10,937 - INFO - Sucesso: /home/runner/work/playlists.github.io/playlists.github.io/pornstars.m3u (95277 bytes)
2025-07-21 09:32:10,938 - INFO - Hash MD5: 8cfd88316cc3e3626533f460039bc095
2025-07-21 09:32:10,938 - INFO - Tentativa 1 de 3: Baixando de: http://m3u4u.com/epg/jq2zy9epr3bwxmgwyxr5
2025-07-21 09:32:11,364 - INFO - Sucesso: /home/runner/work/playlists.github.io/playlists.github.io/epgportugal.m3u (2262348 bytes)
2025-07-21 09:32:11,368 - INFO - Hash MD5: fce788edd736f5407b18f61966f41949
2025-07-21 09:32:11,369 - INFO - Tentativa 1 de 3: Baixando de: http://m3u4u.com/epg/782dyqdrqkh1xegen4zp
2025-07-21 09:32:11,400 - INFO - Sucesso: /home/runner/work/playlists.github.io/playlists.github.io/epgbrasil.m3u (639011 bytes)
2025-07-21 09:32:11,401 - INFO - Hash MD5: b45a4ecb7e9e16b774d737233baa4560
2025-07-21 09:32:11,456 - INFO - Sucesso: /home/runner/work/playlists.github.io/playlists.github.io/epgbrasilportugal.m3u (6833 bytes)
2025-07-21 09:32:11,457 - INFO - Hash MD5: 2b8d239a20f299fbb89cf6cc8933170f
2025-07-21 09:32:11,800 - INFO - Sucesso: /home/runner/work/playlists.github.io/playlists.github.io/epgbrasil.xml.gz (771522 bytes)
2025-07-21 09:32:11,801 - INFO - Hash MD5: d0a5baf7f4e8d97ee741f78a6927a74b
2025-07-21 09:32:12,050 - INFO - Sucesso: /home/runner/work/playlists.github.io/playlists.github.io/epgportugal.xml.gz (1993086 bytes)
2025-07-21 09:32:12,053 - INFO - Hash MD5: 9364885d2b55a41628824f999d644e04
2025-07-21 09:32:12,724 - INFO - Sucesso: /home/runner/work/playlists.github.io/playlists.github.io/epgbrasilportugal.xml.gz (111729 bytes)
2025-07-21 09:32:12,725 - INFO - Hash MD5: e709b2ff428a55b9454953dc7f30083e
2025-07-21 09:32:12,725 - INFO - Downloads concluídos.
2025-07-21 09:46:43,087 - INFO - Iniciando processo de download para playlists...
2025-07-21 09:46:43,090 - INFO - Tentativa 1/3: Baixando http://m3u4u.com/m3u/3wk1y24kx7uzdevxygz7
2025-07-21 09:46:43,090 - INFO - Tentativa 1/3: Baixando http://m3u4u.com/m3u/jq2zy9epr3bwxmgwyxr5
2025-07-21 09:46:43,091 - INFO - Tentativa 1/3: Baixando http://m3u4u.com/m3u/782dyqdrqkh1xegen4zp
2025-07-21 09:46:43,092 - INFO - Tentativa 1/3: Baixando https://gitlab.com/josieljefferson12/playlists/-/raw/main/PiauiTV.m3u
2025-07-21 09:46:43,092 - INFO - Tentativa 1/3: Baixando https://gitlab.com/josieljefferson12/playlists/-/raw/main/m3u4u_proton.me.m3u
2025-07-21 09:46:43,527 - INFO - Sucesso: /home/runner/work/playlists.github.io/playlists.github.io/playlists/PiauiTV.m3u | Tamanho: 76851 bytes | Hash: ed19d1bee8112f753504aab432876025
2025-07-21 09:46:43,528 - INFO - Tentativa 1/3: Baixando https://gitlab.com/josieljefferson12/playlists/-/raw/main/playlist.m3u
2025-07-21 09:46:43,558 - INFO - Sucesso: /home/runner/work/playlists.github.io/playlists.github.io/playlists/m3u@proton.me.m3u | Tamanho: 4700379 bytes | Hash: 17e34181bba3a93ed726df4bc76b9a9c
2025-07-21 09:46:43,559 - INFO - Tentativa 1/3: Baixando https://gitlab.com/josieljefferson12/playlists/-/raw/main/pornstars.m3u
2025-07-21 09:46:43,948 - INFO - Sucesso: /home/runner/work/playlists.github.io/playlists.github.io/playlists/playlist.m3u | Tamanho: 7683 bytes | Hash: 3e976aad490fcdfb60d874b9a6a08d2c
2025-07-21 09:46:43,948 - INFO - Tentativa 1/3: Baixando http://m3u4u.com/epg/3wk1y24kx7uzdevxygz7
2025-07-21 09:46:44,030 - INFO - Sucesso: /home/runner/work/playlists.github.io/playlists.github.io/playlists/pornstars.m3u | Tamanho: 95277 bytes | Hash: 8cfd88316cc3e3626533f460039bc095
2025-07-21 09:46:44,030 - INFO - Tentativa 1/3: Baixando http://m3u4u.com/epg/jq2zy9epr3bwxmgwyxr5
2025-07-21 09:46:44,089 - INFO - Sucesso: /home/runner/work/playlists.github.io/playlists.github.io/playlists/epgbrasilportugal.m3u | Tamanho: 6833 bytes | Hash: 2b8d239a20f299fbb89cf6cc8933170f
2025-07-21 09:46:44,090 - INFO - Tentativa 1/3: Baixando http://m3u4u.com/epg/782dyqdrqkh1xegen4zp
2025-07-21 09:46:44,220 - INFO - Sucesso: /home/runner/work/playlists.github.io/playlists.github.io/playlists/epgportugal.m3u | Tamanho: 2262348 bytes | Hash: fce788edd736f5407b18f61966f41949
2025-07-21 09:46:44,240 - INFO - Sucesso: /home/runner/work/playlists.github.io/playlists.github.io/playlists/epgbrasil.m3u | Tamanho: 639011 bytes | Hash: b45a4ecb7e9e16b774d737233baa4560
2025-07-21 09:46:45,031 - INFO - Sucesso: /home/runner/work/playlists.github.io/playlists.github.io/playlists/epgbrasil.xml.gz | Tamanho: 771522 bytes | Hash: d0a5baf7f4e8d97ee741f78a6927a74b
2025-07-21 09:46:45,224 - INFO - Sucesso: /home/runner/work/playlists.github.io/playlists.github.io/playlists/epgbrasilportugal.xml.gz | Tamanho: 111729 bytes | Hash: e709b2ff428a55b9454953dc7f30083e
2025-07-21 09:46:45,386 - INFO - Sucesso: /home/runner/work/playlists.github.io/playlists.github.io/playlists/epgportugal.xml.gz | Tamanho: 1993086 bytes | Hash: 9364885d2b55a41628824f999d644e04
2025-07-21 09:46:45,386 - INFO - Todos os downloads foram concluídos com sucesso!
2025-07-21 09:46:45,528 - INFO - Removendo arquivos antigos...
2025-07-21 09:46:45,529 - INFO - Removido: m3u@proton.me.m3u
2025-07-21 09:46:45,530 - INFO - Removido: pornstars.m3u
2025-07-21 09:46:45,530 - INFO - Removido: epgbrasilportugal.m3u
2025-07-21 09:46:45,530 - INFO - Removido: epgbrasil.xml.gz
2025-07-21 09:46:45,530 - INFO - Removido: epgportugal.m3u
2025-07-21 09:46:45,531 - INFO - Removido: epgbrasilportugal.xml.gz
2025-07-21 09:46:45,531 - INFO - Removido: epgbrasil.m3u
2025-07-21 09:46:45,531 - INFO - Removido: epgportugal.xml.gz
2025-07-21 09:46:45,531 - INFO - Removido: playlist.m3u
2025-07-21 09:46:45,532 - INFO - Removido: PiauiTV.m3u
2025-07-21 09:46:45,532 - INFO - Iniciando downloads...
2025-07-21 09:46:45,532 - INFO - Tentativa 1 de 3: Baixando de: http://m3u4u.com/m3u/3wk1y24kx7uzdevxygz7
2025-07-21 09:46:45,532 - INFO - Tentativa 1 de 3: Baixando de: http://m3u4u.com/m3u/jq2zy9epr3bwxmgwyxr5
2025-07-21 09:46:45,533 - INFO - Tentativa 1 de 3: Baixando de: http://m3u4u.com/m3u/782dyqdrqkh1xegen4zp
2025-07-21 09:46:45,538 - INFO - Tentativa 1 de 3: Baixando de: https://gitlab.com/josieljefferson12/playlists/-/raw/main/PiauiTV.m3u
2025-07-21 09:46:45,539 - INFO - Tentativa 1 de 3: Baixando de: https://gitlab.com/josieljefferson12/playlists/-/raw/main/m3u4u_proton.me.m3u
2025-07-21 09:46:45,770 - INFO - Sucesso: /home/runner/work/playlists.github.io/playlists.github.io/PiauiTV.m3u (76851 bytes)
2025-07-21 09:46:45,771 - INFO - Hash MD5: ed19d1bee8112f753504aab432876025
2025-07-21 09:46:45,771 - INFO - Tentativa 1 de 3: Baixando de: https://gitlab.com/josieljefferson12/playlists/-/raw/main/playlist.m3u
2025-07-21 09:46:45,922 - INFO - Sucesso: /home/runner/work/playlists.github.io/playlists.github.io/m3u@proton.me.m3u (4700379 bytes)
2025-07-21 09:46:45,931 - INFO - Hash MD5: 17e34181bba3a93ed726df4bc76b9a9c
2025-07-21 09:46:45,931 - INFO - Tentativa 1 de 3: Baixando de: https://gitlab.com/josieljefferson12/playlists/-/raw/main/pornstars.m3u
2025-07-21 09:46:46,029 - INFO - Sucesso: /home/runner/work/playlists.github.io/playlists.github.io/playlist.m3u (7683 bytes)
2025-07-21 09:46:46,030 - INFO - Hash MD5: 3e976aad490fcdfb60d874b9a6a08d2c
2025-07-21 09:46:46,030 - INFO - Tentativa 1 de 3: Baixando de: http://m3u4u.com/epg/3wk1y24kx7uzdevxygz7
2025-07-21 09:46:46,199 - INFO - Sucesso: /home/runner/work/playlists.github.io/playlists.github.io/pornstars.m3u (95277 bytes)
2025-07-21 09:46:46,200 - INFO - Hash MD5: 8cfd88316cc3e3626533f460039bc095
2025-07-21 09:46:46,200 - INFO - Tentativa 1 de 3: Baixando de: http://m3u4u.com/epg/jq2zy9epr3bwxmgwyxr5
2025-07-21 09:46:46,293 - INFO - Sucesso: /home/runner/work/playlists.github.io/playlists.github.io/epgbrasilportugal.m3u (6833 bytes)
2025-07-21 09:46:46,293 - INFO - Hash MD5: 2b8d239a20f299fbb89cf6cc8933170f
2025-07-21 09:46:46,294 - INFO - Tentativa 1 de 3: Baixando de: http://m3u4u.com/epg/782dyqdrqkh1xegen4zp
2025-07-21 09:46:46,515 - INFO - Sucesso: /home/runner/work/playlists.github.io/playlists.github.io/epgportugal.m3u (2262348 bytes)
2025-07-21 09:46:46,519 - INFO - Hash MD5: fce788edd736f5407b18f61966f41949
2025-07-21 09:46:46,600 - INFO - Sucesso: /home/runner/work/playlists.github.io/playlists.github.io/epgbrasil.m3u (639011 bytes)
2025-07-21 09:46:46,601 - INFO - Hash MD5: b45a4ecb7e9e16b774d737233baa4560
2025-07-21 09:46:47,171 - INFO - Sucesso: /home/runner/work/playlists.github.io/playlists.github.io/epgbrasil.xml.gz (771522 bytes)
2025-07-21 09:46:47,172 - INFO - Hash MD5: d0a5baf7f4e8d97ee741f78a6927a74b
2025-07-21 09:46:47,219 - INFO - Sucesso: /home/runner/work/playlists.github.io/playlists.github.io/epgportugal.xml.gz (1993086 bytes)
2025-07-21 09:46:47,222 - INFO - Hash MD5: 9364885d2b55a41628824f999d644e04
2025-07-21 09:46:47,484 - INFO - Sucesso: /home/runner/work/playlists.github.io/playlists.github.io/epgbrasilportugal.xml.gz (111729 bytes)
2025-07-21 09:46:47,484 - INFO - Hash MD5: e709b2ff428a55b9454953dc7f30083e
2025-07-21 09:46:47,485 - INFO - Downloads concluídos.
2025-07-21 11:24:47,235 - INFO - Iniciando processo de download para playlists...
2025-07-21 11:24:47,238 - INFO - Tentativa 1/3: Baixando http://m3u4u.com/m3u/3wk1y24kx7uzdevxygz7
2025-07-21 11:24:47,238 - INFO - Tentativa 1/3: Baixando http://m3u4u.com/m3u/jq2zy9epr3bwxmgwyxr5
2025-07-21 11:24:47,239 - INFO - Tentativa 1/3: Baixando http://m3u4u.com/m3u/782dyqdrqkh1xegen4zp
2025-07-21 11:24:47,239 - INFO - Tentativa 1/3: Baixando https://gitlab.com/josieljefferson12/playlists/-/raw/main/PiauiTV.m3u
2025-07-21 11:24:47,242 - INFO - Tentativa 1/3: Baixando https://gitlab.com/josieljefferson12/playlists/-/raw/main/m3u4u_proton.me.m3u
2025-07-21 11:24:47,530 - INFO - Sucesso: /home/runner/work/playlists.github.io/playlists.github.io/playlists/PiauiTV.m3u | Tamanho: 76851 bytes | Hash: ed19d1bee8112f753504aab432876025
2025-07-21 11:24:47,531 - INFO - Tentativa 1/3: Baixando https://gitlab.com/josieljefferson12/playlists/-/raw/main/playlist.m3u
2025-07-21 11:24:47,605 - INFO - Sucesso: /home/runner/work/playlists.github.io/playlists.github.io/playlists/m3u@proton.me.m3u | Tamanho: 4700379 bytes | Hash: 17e34181bba3a93ed726df4bc76b9a9c
2025-07-21 11:24:47,605 - INFO - Tentativa 1/3: Baixando https://gitlab.com/josieljefferson12/playlists/-/raw/main/pornstars.m3u
2025-07-21 11:24:47,812 - INFO - Sucesso: /home/runner/work/playlists.github.io/playlists.github.io/playlists/playlist.m3u | Tamanho: 7683 bytes | Hash: 3e976aad490fcdfb60d874b9a6a08d2c
2025-07-21 11:24:47,812 - INFO - Tentativa 1/3: Baixando http://m3u4u.com/epg/3wk1y24kx7uzdevxygz7
2025-07-21 11:24:47,935 - INFO - Sucesso: /home/runner/work/playlists.github.io/playlists.github.io/playlists/pornstars.m3u | Tamanho: 95277 bytes | Hash: 8cfd88316cc3e3626533f460039bc095
2025-07-21 11:24:47,935 - INFO - Tentativa 1/3: Baixando http://m3u4u.com/epg/jq2zy9epr3bwxmgwyxr5
2025-07-21 11:24:48,343 - INFO - Sucesso: /home/runner/work/playlists.github.io/playlists.github.io/playlists/epgbrasilportugal.m3u | Tamanho: 6833 bytes | Hash: 2b8d239a20f299fbb89cf6cc8933170f
2025-07-21 11:24:48,344 - INFO - Tentativa 1/3: Baixando http://m3u4u.com/epg/782dyqdrqkh1xegen4zp
2025-07-21 11:24:48,392 - INFO - Sucesso: /home/runner/work/playlists.github.io/playlists.github.io/playlists/epgportugal.m3u | Tamanho: 2262348 bytes | Hash: fce788edd736f5407b18f61966f41949
2025-07-21 11:24:48,395 - INFO - Sucesso: /home/runner/work/playlists.github.io/playlists.github.io/playlists/epgbrasil.m3u | Tamanho: 639011 bytes | Hash: b45a4ecb7e9e16b774d737233baa4560
2025-07-21 11:24:48,876 - INFO - Sucesso: /home/runner/work/playlists.github.io/playlists.github.io/playlists/epgbrasil.xml.gz | Tamanho: 771522 bytes | Hash: d0a5baf7f4e8d97ee741f78a6927a74b
2025-07-21 11:24:49,435 - INFO - Sucesso: /home/runner/work/playlists.github.io/playlists.github.io/playlists/epgbrasilportugal.xml.gz | Tamanho: 111729 bytes | Hash: e709b2ff428a55b9454953dc7f30083e
2025-07-21 11:24:49,462 - INFO - Sucesso: /home/runner/work/playlists.github.io/playlists.github.io/playlists/epgportugal.xml.gz | Tamanho: 1993086 bytes | Hash: 9364885d2b55a41628824f999d644e04
2025-07-21 11:24:49,462 - INFO - Todos os downloads foram concluídos com sucesso!
2025-07-21 11:24:49,604 - INFO - Removendo arquivos antigos...
2025-07-21 11:24:49,605 - INFO - Removido: m3u@proton.me.m3u
2025-07-21 11:24:49,605 - INFO - Removido: pornstars.m3u
2025-07-21 11:24:49,605 - INFO - Removido: epgbrasilportugal.m3u
2025-07-21 11:24:49,605 - INFO - Removido: epgbrasil.xml.gz
2025-07-21 11:24:49,606 - INFO - Removido: epgportugal.m3u
2025-07-21 11:24:49,606 - INFO - Removido: epgbrasilportugal.xml.gz
2025-07-21 11:24:49,606 - INFO - Removido: epgbrasil.m3u
2025-07-21 11:24:49,607 - INFO - Removido: epgportugal.xml.gz
2025-07-21 11:24:49,607 - INFO - Removido: playlist.m3u
2025-07-21 11:24:49,607 - INFO - Removido: PiauiTV.m3u
2025-07-21 11:24:49,607 - INFO - Iniciando downloads...
2025-07-21 11:24:49,607 - INFO - Tentativa 1 de 3: Baixando de: http://m3u4u.com/m3u/3wk1y24kx7uzdevxygz7
2025-07-21 11:24:49,608 - INFO - Tentativa 1 de 3: Baixando de: http://m3u4u.com/m3u/jq2zy9epr3bwxmgwyxr5
2025-07-21 11:24:49,608 - INFO - Tentativa 1 de 3: Baixando de: http://m3u4u.com/m3u/782dyqdrqkh1xegen4zp
2025-07-21 11:24:49,609 - INFO - Tentativa 1 de 3: Baixando de: https://gitlab.com/josieljefferson12/playlists/-/raw/main/PiauiTV.m3u
2025-07-21 11:24:49,612 - INFO - Tentativa 1 de 3: Baixando de: https://gitlab.com/josieljefferson12/playlists/-/raw/main/m3u4u_proton.me.m3u
2025-07-21 11:24:49,783 - INFO - Sucesso: /home/runner/work/playlists.github.io/playlists.github.io/PiauiTV.m3u (76851 bytes)
2025-07-21 11:24:49,784 - INFO - Hash MD5: ed19d1bee8112f753504aab432876025
2025-07-21 11:24:49,784 - INFO - Tentativa 1 de 3: Baixando de: https://gitlab.com/josieljefferson12/playlists/-/raw/main/playlist.m3u
2025-07-21 11:24:49,829 - INFO - Sucesso: /home/runner/work/playlists.github.io/playlists.github.io/m3u@proton.me.m3u (4700379 bytes)
2025-07-21 11:24:49,837 - INFO - Hash MD5: 17e34181bba3a93ed726df4bc76b9a9c
2025-07-21 11:24:49,838 - INFO - Tentativa 1 de 3: Baixando de: https://gitlab.com/josieljefferson12/playlists/-/raw/main/pornstars.m3u
2025-07-21 11:24:49,988 - INFO - Sucesso: /home/runner/work/playlists.github.io/playlists.github.io/playlist.m3u (7683 bytes)
2025-07-21 11:24:49,988 - INFO - Hash MD5: 3e976aad490fcdfb60d874b9a6a08d2c
2025-07-21 11:24:49,988 - INFO - Tentativa 1 de 3: Baixando de: http://m3u4u.com/epg/3wk1y24kx7uzdevxygz7
2025-07-21 11:24:50,030 - INFO - Sucesso: /home/runner/work/playlists.github.io/playlists.github.io/pornstars.m3u (95277 bytes)
2025-07-21 11:24:50,031 - INFO - Hash MD5: 8cfd88316cc3e3626533f460039bc095
2025-07-21 11:24:50,031 - INFO - Tentativa 1 de 3: Baixando de: http://m3u4u.com/epg/jq2zy9epr3bwxmgwyxr5
2025-07-21 11:24:50,547 - INFO - Sucesso: /home/runner/work/playlists.github.io/playlists.github.io/epgbrasil.m3u (639011 bytes)
2025-07-21 11:24:50,552 - INFO - Hash MD5: b45a4ecb7e9e16b774d737233baa4560
2025-07-21 11:24:50,552 - INFO - Tentativa 1 de 3: Baixando de: http://m3u4u.com/epg/782dyqdrqkh1xegen4zp
2025-07-21 11:24:50,578 - INFO - Sucesso: /home/runner/work/playlists.github.io/playlists.github.io/epgbrasilportugal.m3u (6833 bytes)
2025-07-21 11:24:50,578 - INFO - Hash MD5: 2b8d239a20f299fbb89cf6cc8933170f
2025-07-21 11:24:50,709 - INFO - Sucesso: /home/runner/work/playlists.github.io/playlists.github.io/epgportugal.m3u (2262348 bytes)
2025-07-21 11:24:50,713 - INFO - Hash MD5: fce788edd736f5407b18f61966f41949
2025-07-21 11:24:51,529 - INFO - Sucesso: /home/runner/work/playlists.github.io/playlists.github.io/epgportugal.xml.gz (1993086 bytes)
2025-07-21 11:24:51,532 - INFO - Hash MD5: 9364885d2b55a41628824f999d644e04
2025-07-21 11:24:51,569 - INFO - Sucesso: /home/runner/work/playlists.github.io/playlists.github.io/epgbrasil.xml.gz (771522 bytes)
2025-07-21 11:24:51,570 - INFO - Hash MD5: d0a5baf7f4e8d97ee741f78a6927a74b
2025-07-21 11:24:51,607 - INFO - Sucesso: /home/runner/work/playlists.github.io/playlists.github.io/epgbrasilportugal.xml.gz (111729 bytes)
2025-07-21 11:24:51,608 - INFO - Hash MD5: e709b2ff428a55b9454953dc7f30083e
2025-07-21 11:24:51,608 - INFO - Downloads concluídos.
2025-07-21 11:30:48,019 - INFO - Iniciando processo de download para playlists...
2025-07-21 11:30:48,021 - INFO - Tentativa 1/3: Baixando http://m3u4u.com/m3u/3wk1y24kx7uzdevxygz7
2025-07-21 11:30:48,022 - INFO - Tentativa 1/3: Baixando http://m3u4u.com/m3u/jq2zy9epr3bwxmgwyxr5
2025-07-21 11:30:48,022 - INFO - Tentativa 1/3: Baixando http://m3u4u.com/m3u/782dyqdrqkh1xegen4zp
2025-07-21 11:30:48,023 - INFO - Tentativa 1/3: Baixando https://gitlab.com/josieljefferson12/playlists/-/raw/main/PiauiTV.m3u
2025-07-21 11:30:48,023 - INFO - Tentativa 1/3: Baixando https://gitlab.com/josieljefferson12/playlists/-/raw/main/m3u4u_proton.me.m3u
2025-07-21 11:30:48,223 - INFO - Sucesso: /home/runner/work/playlists.github.io/playlists.github.io/playlists/PiauiTV.m3u | Tamanho: 76851 bytes | Hash: ed19d1bee8112f753504aab432876025
2025-07-21 11:30:48,223 - INFO - Tentativa 1/3: Baixando https://gitlab.com/josieljefferson12/playlists/-/raw/main/playlist.m3u
2025-07-21 11:30:48,282 - INFO - Sucesso: /home/runner/work/playlists.github.io/playlists.github.io/playlists/m3u@proton.me.m3u | Tamanho: 4700379 bytes | Hash: 17e34181bba3a93ed726df4bc76b9a9c
2025-07-21 11:30:48,283 - INFO - Tentativa 1/3: Baixando https://gitlab.com/josieljefferson12/playlists/-/raw/main/pornstars.m3u
2025-07-21 11:30:48,430 - INFO - Sucesso: /home/runner/work/playlists.github.io/playlists.github.io/playlists/playlist.m3u | Tamanho: 7683 bytes | Hash: 3e976aad490fcdfb60d874b9a6a08d2c
2025-07-21 11:30:48,430 - INFO - Tentativa 1/3: Baixando http://m3u4u.com/epg/3wk1y24kx7uzdevxygz7
2025-07-21 11:30:48,523 - INFO - Sucesso: /home/runner/work/playlists.github.io/playlists.github.io/playlists/pornstars.m3u | Tamanho: 95277 bytes | Hash: 8cfd88316cc3e3626533f460039bc095
2025-07-21 11:30:48,523 - INFO - Tentativa 1/3: Baixando http://m3u4u.com/epg/jq2zy9epr3bwxmgwyxr5
2025-07-21 11:30:49,088 - INFO - Sucesso: /home/runner/work/playlists.github.io/playlists.github.io/playlists/epgportugal.m3u | Tamanho: 2262348 bytes | Hash: fce788edd736f5407b18f61966f41949
2025-07-21 11:30:49,088 - INFO - Tentativa 1/3: Baixando http://m3u4u.com/epg/782dyqdrqkh1xegen4zp
2025-07-21 11:30:49,138 - INFO - Sucesso: /home/runner/work/playlists.github.io/playlists.github.io/playlists/epgbrasil.m3u | Tamanho: 639011 bytes | Hash: b45a4ecb7e9e16b774d737233baa4560
2025-07-21 11:30:49,504 - INFO - Sucesso: /home/runner/work/playlists.github.io/playlists.github.io/playlists/epgbrasil.xml.gz | Tamanho: 771522 bytes | Hash: d0a5baf7f4e8d97ee741f78a6927a74b
2025-07-21 11:30:50,122 - INFO - Sucesso: /home/runner/work/playlists.github.io/playlists.github.io/playlists/epgportugal.xml.gz | Tamanho: 1993086 bytes | Hash: 9364885d2b55a41628824f999d644e04
2025-07-21 11:30:50,174 - INFO - Sucesso: /home/runner/work/playlists.github.io/playlists.github.io/playlists/epgbrasilportugal.xml.gz | Tamanho: 111729 bytes | Hash: e709b2ff428a55b9454953dc7f30083e
2025-07-21 11:30:50,349 - INFO - Sucesso: /home/runner/work/playlists.github.io/playlists.github.io/playlists/epgbrasilportugal.m3u | Tamanho: 6833 bytes | Hash: 2b8d239a20f299fbb89cf6cc8933170f
2025-07-21 11:30:50,350 - INFO - Todos os downloads foram concluídos com sucesso!
2025-07-21 11:30:50,496 - INFO - Removendo arquivos antigos...
2025-07-21 11:30:50,498 - INFO - Removido: m3u@proton.me.m3u
2025-07-21 11:30:50,498 - INFO - Removido: pornstars.m3u
2025-07-21 11:30:50,498 - INFO - Removido: epgbrasilportugal.m3u
2025-07-21 11:30:50,499 - INFO - Removido: epgbrasil.xml.gz
2025-07-21 11:30:50,499 - INFO - Removido: epgportugal.m3u
2025-07-21 11:30:50,499 - INFO - Removido: epgbrasilportugal.xml.gz
2025-07-21 11:30:50,500 - INFO - Removido: epgbrasil.m3u
2025-07-21 11:30:50,500 - INFO - Removido: epgportugal.xml.gz
2025-07-21 11:30:50,500 - INFO - Removido: playlist.m3u
2025-07-21 11:30:50,501 - INFO - Removido: PiauiTV.m3u
2025-07-21 11:30:50,501 - INFO - Iniciando downloads...
2025-07-21 11:30:50,501 - INFO - Tentativa 1 de 3: Baixando de: http://m3u4u.com/m3u/3wk1y24kx7uzdevxygz7
2025-07-21 11:30:50,502 - INFO - Tentativa 1 de 3: Baixando de: http://m3u4u.com/m3u/jq2zy9epr3bwxmgwyxr5
2025-07-21 11:30:50,502 - INFO - Tentativa 1 de 3: Baixando de: http://m3u4u.com/m3u/782dyqdrqkh1xegen4zp
2025-07-21 11:30:50,503 - INFO - Tentativa 1 de 3: Baixando de: https://gitlab.com/josieljefferson12/playlists/-/raw/main/PiauiTV.m3u
2025-07-21 11:30:50,504 - INFO - Tentativa 1 de 3: Baixando de: https://gitlab.com/josieljefferson12/playlists/-/raw/main/m3u4u_proton.me.m3u
2025-07-21 11:30:50,690 - INFO - Sucesso: /home/runner/work/playlists.github.io/playlists.github.io/PiauiTV.m3u (76851 bytes)
2025-07-21 11:30:50,691 - INFO - Hash MD5: ed19d1bee8112f753504aab432876025
2025-07-21 11:30:50,691 - INFO - Tentativa 1 de 3: Baixando de: https://gitlab.com/josieljefferson12/playlists/-/raw/main/playlist.m3u
2025-07-21 11:30:50,779 - INFO - Sucesso: /home/runner/work/playlists.github.io/playlists.github.io/m3u@proton.me.m3u (4700379 bytes)
2025-07-21 11:30:50,788 - INFO - Hash MD5: 17e34181bba3a93ed726df4bc76b9a9c
2025-07-21 11:30:50,789 - INFO - Tentativa 1 de 3: Baixando de: https://gitlab.com/josieljefferson12/playlists/-/raw/main/pornstars.m3u
2025-07-21 11:30:50,861 - INFO - Sucesso: /home/runner/work/playlists.github.io/playlists.github.io/playlist.m3u (7683 bytes)
2025-07-21 11:30:50,861 - INFO - Hash MD5: 3e976aad490fcdfb60d874b9a6a08d2c
2025-07-21 11:30:50,861 - INFO - Tentativa 1 de 3: Baixando de: http://m3u4u.com/epg/3wk1y24kx7uzdevxygz7
2025-07-21 11:30:51,004 - INFO - Sucesso: /home/runner/work/playlists.github.io/playlists.github.io/pornstars.m3u (95277 bytes)
2025-07-21 11:30:51,004 - INFO - Hash MD5: 8cfd88316cc3e3626533f460039bc095
2025-07-21 11:30:51,005 - INFO - Tentativa 1 de 3: Baixando de: http://m3u4u.com/epg/jq2zy9epr3bwxmgwyxr5
2025-07-21 11:30:51,525 - INFO - Sucesso: /home/runner/work/playlists.github.io/playlists.github.io/epgbrasilportugal.m3u (6833 bytes)
2025-07-21 11:30:51,525 - INFO - Hash MD5: 2b8d239a20f299fbb89cf6cc8933170f
2025-07-21 11:30:51,525 - INFO - Tentativa 1 de 3: Baixando de: http://m3u4u.com/epg/782dyqdrqkh1xegen4zp
2025-07-21 11:30:51,563 - INFO - Sucesso: /home/runner/work/playlists.github.io/playlists.github.io/epgportugal.m3u (2262348 bytes)
2025-07-21 11:30:51,566 - INFO - Hash MD5: fce788edd736f5407b18f61966f41949
2025-07-21 11:30:51,662 - INFO - Sucesso: /home/runner/work/playlists.github.io/playlists.github.io/epgbrasil.m3u (639011 bytes)
2025-07-21 11:30:51,663 - INFO - Hash MD5: b45a4ecb7e9e16b774d737233baa4560
2025-07-21 11:30:52,011 - INFO - Sucesso: /home/runner/work/playlists.github.io/playlists.github.io/epgbrasil.xml.gz (771522 bytes)
2025-07-21 11:30:52,013 - INFO - Hash MD5: d0a5baf7f4e8d97ee741f78a6927a74b
2025-07-21 11:30:52,553 - INFO - Sucesso: /home/runner/work/playlists.github.io/playlists.github.io/epgportugal.xml.gz (1993086 bytes)
2025-07-21 11:30:52,557 - INFO - Hash MD5: 9364885d2b55a41628824f999d644e04
2025-07-21 11:30:52,626 - INFO - Sucesso: /home/runner/work/playlists.github.io/playlists.github.io/epgbrasilportugal.xml.gz (111729 bytes)
2025-07-21 11:30:52,626 - INFO - Hash MD5: e709b2ff428a55b9454953dc7f30083e
2025-07-21 11:30:52,627 - INFO - Downloads concluídos.
2025-07-21 15:52:33,803 - INFO - Iniciando processo de download para playlists...
2025-07-21 15:52:33,805 - INFO - Tentativa 1/3: Baixando http://m3u4u.com/m3u/3wk1y24kx7uzdevxygz7
2025-07-21 15:52:33,806 - INFO - Tentativa 1/3: Baixando http://m3u4u.com/m3u/jq2zy9epr3bwxmgwyxr5
2025-07-21 15:52:33,806 - INFO - Tentativa 1/3: Baixando http://m3u4u.com/m3u/782dyqdrqkh1xegen4zp
2025-07-21 15:52:33,807 - INFO - Tentativa 1/3: Baixando https://gitlab.com/josieljefferson12/playlists/-/raw/main/PiauiTV.m3u
2025-07-21 15:52:33,809 - INFO - Tentativa 1/3: Baixando https://gitlab.com/josieljefferson12/playlists/-/raw/main/m3u4u_proton.me.m3u
2025-07-21 15:52:34,168 - INFO - Sucesso: /home/runner/work/playlists.github.io/playlists.github.io/playlists/PiauiTV.m3u | Tamanho: 76851 bytes | Hash: ed19d1bee8112f753504aab432876025
2025-07-21 15:52:34,169 - INFO - Tentativa 1/3: Baixando https://gitlab.com/josieljefferson12/playlists/-/raw/main/playlist.m3u
2025-07-21 15:52:34,201 - INFO - Sucesso: /home/runner/work/playlists.github.io/playlists.github.io/playlists/m3u@proton.me.m3u | Tamanho: 4700379 bytes | Hash: 17e34181bba3a93ed726df4bc76b9a9c
2025-07-21 15:52:34,201 - INFO - Tentativa 1/3: Baixando https://gitlab.com/josieljefferson12/playlists/-/raw/main/pornstars.m3u
2025-07-21 15:52:34,509 - INFO - Sucesso: /home/runner/work/playlists.github.io/playlists.github.io/playlists/playlist.m3u | Tamanho: 7683 bytes | Hash: 3e976aad490fcdfb60d874b9a6a08d2c
2025-07-21 15:52:34,510 - INFO - Tentativa 1/3: Baixando http://m3u4u.com/epg/3wk1y24kx7uzdevxygz7
2025-07-21 15:52:34,572 - INFO - Sucesso: /home/runner/work/playlists.github.io/playlists.github.io/playlists/pornstars.m3u | Tamanho: 95277 bytes | Hash: 8cfd88316cc3e3626533f460039bc095
2025-07-21 15:52:34,572 - INFO - Tentativa 1/3: Baixando http://m3u4u.com/epg/jq2zy9epr3bwxmgwyxr5
2025-07-21 15:52:35,035 - INFO - Sucesso: /home/runner/work/playlists.github.io/playlists.github.io/playlists/epgbrasilportugal.m3u | Tamanho: 6833 bytes | Hash: 2b8d239a20f299fbb89cf6cc8933170f
2025-07-21 15:52:35,035 - INFO - Tentativa 1/3: Baixando http://m3u4u.com/epg/782dyqdrqkh1xegen4zp
2025-07-21 15:52:35,176 - INFO - Sucesso: /home/runner/work/playlists.github.io/playlists.github.io/playlists/epgbrasil.m3u | Tamanho: 639011 bytes | Hash: b45a4ecb7e9e16b774d737233baa4560
2025-07-21 15:52:35,653 - INFO - Sucesso: /home/runner/work/playlists.github.io/playlists.github.io/playlists/epgbrasil.xml.gz | Tamanho: 771522 bytes | Hash: d0a5baf7f4e8d97ee741f78a6927a74b
2025-07-21 15:52:35,870 - INFO - Sucesso: /home/runner/work/playlists.github.io/playlists.github.io/playlists/epgportugal.m3u | Tamanho: 2262348 bytes | Hash: fce788edd736f5407b18f61966f41949
2025-07-21 15:52:36,063 - INFO - Sucesso: /home/runner/work/playlists.github.io/playlists.github.io/playlists/epgportugal.xml.gz | Tamanho: 1993086 bytes | Hash: 9364885d2b55a41628824f999d644e04
2025-07-21 15:52:36,442 - INFO - Sucesso: /home/runner/work/playlists.github.io/playlists.github.io/playlists/epgbrasilportugal.xml.gz | Tamanho: 111729 bytes | Hash: e709b2ff428a55b9454953dc7f30083e
2025-07-21 15:52:36,442 - INFO - Todos os downloads foram concluídos com sucesso!
2025-07-21 15:52:36,590 - INFO - Removendo arquivos antigos...
2025-07-21 15:52:36,591 - INFO - Removido: m3u@proton.me.m3u
2025-07-21 15:52:36,591 - INFO - Removido: pornstars.m3u
2025-07-21 15:52:36,591 - INFO - Removido: epgbrasilportugal.m3u
2025-07-21 15:52:36,592 - INFO - Removido: epgbrasil.xml.gz
2025-07-21 15:52:36,592 - INFO - Removido: epgportugal.m3u
2025-07-21 15:52:36,592 - INFO - Removido: epgbrasilportugal.xml.gz
2025-07-21 15:52:36,593 - INFO - Removido: epgbrasil.m3u
2025-07-21 15:52:36,593 - INFO - Removido: epgportugal.xml.gz
2025-07-21 15:52:36,593 - INFO - Removido: playlist.m3u
2025-07-21 15:52:36,593 - INFO - Removido: PiauiTV.m3u
2025-07-21 15:52:36,593 - INFO - Iniciando downloads...
2025-07-21 15:52:36,594 - INFO - Tentativa 1 de 3: Baixando de: http://m3u4u.com/m3u/3wk1y24kx7uzdevxygz7
2025-07-21 15:52:36,594 - INFO - Tentativa 1 de 3: Baixando de: http://m3u4u.com/m3u/jq2zy9epr3bwxmgwyxr5
2025-07-21 15:52:36,595 - INFO - Tentativa 1 de 3: Baixando de: http://m3u4u.com/m3u/782dyqdrqkh1xegen4zp
2025-07-21 15:52:36,595 - INFO - Tentativa 1 de 3: Baixando de: https://gitlab.com/josieljefferson12/playlists/-/raw/main/PiauiTV.m3u
2025-07-21 15:52:36,597 - INFO - Tentativa 1 de 3: Baixando de: https://gitlab.com/josieljefferson12/playlists/-/raw/main/m3u4u_proton.me.m3u
2025-07-21 15:52:36,785 - INFO - Sucesso: /home/runner/work/playlists.github.io/playlists.github.io/PiauiTV.m3u (76851 bytes)
2025-07-21 15:52:36,785 - INFO - Hash MD5: ed19d1bee8112f753504aab432876025
2025-07-21 15:52:36,785 - INFO - Tentativa 1 de 3: Baixando de: https://gitlab.com/josieljefferson12/playlists/-/raw/main/playlist.m3u
2025-07-21 15:52:36,973 - INFO - Sucesso: /home/runner/work/playlists.github.io/playlists.github.io/playlist.m3u (7683 bytes)
2025-07-21 15:52:36,973 - INFO - Hash MD5: 3e976aad490fcdfb60d874b9a6a08d2c
2025-07-21 15:52:36,973 - INFO - Tentativa 1 de 3: Baixando de: https://gitlab.com/josieljefferson12/playlists/-/raw/main/pornstars.m3u
2025-07-21 15:52:37,013 - INFO - Sucesso: /home/runner/work/playlists.github.io/playlists.github.io/m3u@proton.me.m3u (4700379 bytes)
2025-07-21 15:52:37,022 - INFO - Hash MD5: 17e34181bba3a93ed726df4bc76b9a9c
2025-07-21 15:52:37,022 - INFO - Tentativa 1 de 3: Baixando de: http://m3u4u.com/epg/3wk1y24kx7uzdevxygz7
2025-07-21 15:52:37,254 - INFO - Sucesso: /home/runner/work/playlists.github.io/playlists.github.io/pornstars.m3u (95277 bytes)
2025-07-21 15:52:37,254 - INFO - Hash MD5: 8cfd88316cc3e3626533f460039bc095
2025-07-21 15:52:37,254 - INFO - Tentativa 1 de 3: Baixando de: http://m3u4u.com/epg/jq2zy9epr3bwxmgwyxr5
2025-07-21 15:52:37,531 - INFO - Sucesso: /home/runner/work/playlists.github.io/playlists.github.io/epgbrasil.m3u (639011 bytes)
2025-07-21 15:52:37,533 - INFO - Hash MD5: b45a4ecb7e9e16b774d737233baa4560
2025-07-21 15:52:37,533 - INFO - Tentativa 1 de 3: Baixando de: http://m3u4u.com/epg/782dyqdrqkh1xegen4zp
2025-07-21 15:52:37,655 - INFO - Sucesso: /home/runner/work/playlists.github.io/playlists.github.io/epgbrasilportugal.m3u (6833 bytes)
2025-07-21 15:52:37,655 - INFO - Hash MD5: 2b8d239a20f299fbb89cf6cc8933170f
2025-07-21 15:52:37,903 - INFO - Sucesso: /home/runner/work/playlists.github.io/playlists.github.io/epgportugal.m3u (2262348 bytes)
2025-07-21 15:52:37,907 - INFO - Hash MD5: fce788edd736f5407b18f61966f41949
2025-07-21 15:52:38,228 - INFO - Sucesso: /home/runner/work/playlists.github.io/playlists.github.io/epgbrasil.xml.gz (771522 bytes)
2025-07-21 15:52:38,229 - INFO - Hash MD5: d0a5baf7f4e8d97ee741f78a6927a74b
2025-07-21 15:52:38,596 - INFO - Sucesso: /home/runner/work/playlists.github.io/playlists.github.io/epgportugal.xml.gz (1993086 bytes)
2025-07-21 15:52:38,599 - INFO - Hash MD5: 9364885d2b55a41628824f999d644e04
2025-07-21 15:52:38,764 - INFO - Sucesso: /home/runner/work/playlists.github.io/playlists.github.io/epgbrasilportugal.xml.gz (111729 bytes)
2025-07-21 15:52:38,764 - INFO - Hash MD5: e709b2ff428a55b9454953dc7f30083e
2025-07-21 15:52:38,764 - INFO - Downloads concluídos.
2025-07-21 16:14:23,118 - INFO - Iniciando processo de download para playlists...
2025-07-21 16:14:23,121 - INFO - Tentativa 1/3: Baixando http://m3u4u.com/m3u/3wk1y24kx7uzdevxygz7
2025-07-21 16:14:23,121 - INFO - Tentativa 1/3: Baixando http://m3u4u.com/m3u/jq2zy9epr3bwxmgwyxr5
2025-07-21 16:14:23,122 - INFO - Tentativa 1/3: Baixando http://m3u4u.com/m3u/782dyqdrqkh1xegen4zp
2025-07-21 16:14:23,122 - INFO - Tentativa 1/3: Baixando https://gitlab.com/josieljefferson12/playlists/-/raw/main/PiauiTV.m3u
2025-07-21 16:14:23,126 - INFO - Tentativa 1/3: Baixando https://gitlab.com/josieljefferson12/playlists/-/raw/main/m3u4u_proton.me.m3u
2025-07-21 16:14:23,488 - INFO - Sucesso: /home/runner/work/playlists.github.io/playlists.github.io/playlists/PiauiTV.m3u | Tamanho: 76851 bytes | Hash: ed19d1bee8112f753504aab432876025
2025-07-21 16:14:23,488 - INFO - Tentativa 1/3: Baixando https://gitlab.com/josieljefferson12/playlists/-/raw/main/playlist.m3u
2025-07-21 16:14:23,528 - INFO - Sucesso: /home/runner/work/playlists.github.io/playlists.github.io/playlists/m3u@proton.me.m3u | Tamanho: 4700379 bytes | Hash: 17e34181bba3a93ed726df4bc76b9a9c
2025-07-21 16:14:23,529 - INFO - Tentativa 1/3: Baixando https://gitlab.com/josieljefferson12/playlists/-/raw/main/pornstars.m3u
2025-07-21 16:14:23,801 - INFO - Sucesso: /home/runner/work/playlists.github.io/playlists.github.io/playlists/playlist.m3u | Tamanho: 7683 bytes | Hash: 3e976aad490fcdfb60d874b9a6a08d2c
2025-07-21 16:14:23,802 - INFO - Tentativa 1/3: Baixando http://m3u4u.com/epg/3wk1y24kx7uzdevxygz7
2025-07-21 16:14:23,819 - INFO - Sucesso: /home/runner/work/playlists.github.io/playlists.github.io/playlists/pornstars.m3u | Tamanho: 95277 bytes | Hash: 8cfd88316cc3e3626533f460039bc095
2025-07-21 16:14:23,819 - INFO - Tentativa 1/3: Baixando http://m3u4u.com/epg/jq2zy9epr3bwxmgwyxr5
2025-07-21 16:14:24,169 - INFO - Sucesso: /home/runner/work/playlists.github.io/playlists.github.io/playlists/epgbrasil.m3u | Tamanho: 639011 bytes | Hash: b45a4ecb7e9e16b774d737233baa4560
2025-07-21 16:14:24,170 - INFO - Tentativa 1/3: Baixando http://m3u4u.com/epg/782dyqdrqkh1xegen4zp
2025-07-21 16:14:24,360 - INFO - Sucesso: /home/runner/work/playlists.github.io/playlists.github.io/playlists/epgbrasilportugal.m3u | Tamanho: 6833 bytes | Hash: 2b8d239a20f299fbb89cf6cc8933170f
2025-07-21 16:14:24,361 - INFO - Sucesso: /home/runner/work/playlists.github.io/playlists.github.io/playlists/epgportugal.m3u | Tamanho: 2262348 bytes | Hash: fce788edd736f5407b18f61966f41949
2025-07-21 16:14:25,192 - INFO - Sucesso: /home/runner/work/playlists.github.io/playlists.github.io/playlists/epgbrasil.xml.gz | Tamanho: 732140 bytes | Hash: ab4f43aed190bf9e21e58fecd10d4084
2025-07-21 16:14:25,289 - INFO - Sucesso: /home/runner/work/playlists.github.io/playlists.github.io/playlists/epgbrasilportugal.xml.gz | Tamanho: 111729 bytes | Hash: e709b2ff428a55b9454953dc7f30083e
2025-07-21 16:14:25,366 - INFO - Sucesso: /home/runner/work/playlists.github.io/playlists.github.io/playlists/epgportugal.xml.gz | Tamanho: 1993086 bytes | Hash: 9364885d2b55a41628824f999d644e04
2025-07-21 16:14:25,367 - INFO - Todos os downloads foram concluídos com sucesso!
2025-07-21 16:14:25,521 - INFO - Removendo arquivos antigos...
2025-07-21 16:14:25,522 - INFO - Removido: m3u@proton.me.m3u
2025-07-21 16:14:25,522 - INFO - Removido: pornstars.m3u
2025-07-21 16:14:25,522 - INFO - Removido: epgbrasilportugal.m3u
2025-07-21 16:14:25,522 - INFO - Removido: epgbrasil.xml.gz
2025-07-21 16:14:25,523 - INFO - Removido: epgportugal.m3u
2025-07-21 16:14:25,523 - INFO - Removido: epgbrasilportugal.xml.gz
2025-07-21 16:14:25,523 - INFO - Removido: epgbrasil.m3u
2025-07-21 16:14:25,524 - INFO - Removido: epgportugal.xml.gz
2025-07-21 16:14:25,524 - INFO - Removido: playlist.m3u
2025-07-21 16:14:25,524 - INFO - Removido: PiauiTV.m3u
2025-07-21 16:14:25,524 - INFO - Iniciando downloads...
2025-07-21 16:14:25,524 - INFO - Tentativa 1 de 3: Baixando de: http://m3u4u.com/m3u/3wk1y24kx7uzdevxygz7
2025-07-21 16:14:25,525 - INFO - Tentativa 1 de 3: Baixando de: http://m3u4u.com/m3u/jq2zy9epr3bwxmgwyxr5
2025-07-21 16:14:25,526 - INFO - Tentativa 1 de 3: Baixando de: http://m3u4u.com/m3u/782dyqdrqkh1xegen4zp
2025-07-21 16:14:25,526 - INFO - Tentativa 1 de 3: Baixando de: https://gitlab.com/josieljefferson12/playlists/-/raw/main/PiauiTV.m3u
2025-07-21 16:14:25,532 - INFO - Tentativa 1 de 3: Baixando de: https://gitlab.com/josieljefferson12/playlists/-/raw/main/m3u4u_proton.me.m3u
2025-07-21 16:14:25,724 - INFO - Sucesso: /home/runner/work/playlists.github.io/playlists.github.io/PiauiTV.m3u (76851 bytes)
2025-07-21 16:14:25,724 - INFO - Hash MD5: ed19d1bee8112f753504aab432876025
2025-07-21 16:14:25,724 - INFO - Tentativa 1 de 3: Baixando de: https://gitlab.com/josieljefferson12/playlists/-/raw/main/playlist.m3u
2025-07-21 16:14:25,781 - INFO - Sucesso: /home/runner/work/playlists.github.io/playlists.github.io/m3u@proton.me.m3u (4700379 bytes)
2025-07-21 16:14:25,790 - INFO - Hash MD5: 17e34181bba3a93ed726df4bc76b9a9c
2025-07-21 16:14:25,791 - INFO - Tentativa 1 de 3: Baixando de: https://gitlab.com/josieljefferson12/playlists/-/raw/main/pornstars.m3u
2025-07-21 16:14:25,931 - INFO - Sucesso: /home/runner/work/playlists.github.io/playlists.github.io/playlist.m3u (7683 bytes)
2025-07-21 16:14:25,931 - INFO - Hash MD5: 3e976aad490fcdfb60d874b9a6a08d2c
2025-07-21 16:14:25,932 - INFO - Tentativa 1 de 3: Baixando de: http://m3u4u.com/epg/3wk1y24kx7uzdevxygz7
2025-07-21 16:14:25,991 - INFO - Sucesso: /home/runner/work/playlists.github.io/playlists.github.io/pornstars.m3u (95277 bytes)
2025-07-21 16:14:25,992 - INFO - Hash MD5: 8cfd88316cc3e3626533f460039bc095
2025-07-21 16:14:25,992 - INFO - Tentativa 1 de 3: Baixando de: http://m3u4u.com/epg/jq2zy9epr3bwxmgwyxr5
2025-07-21 16:14:26,446 - INFO - Sucesso: /home/runner/work/playlists.github.io/playlists.github.io/epgbrasilportugal.m3u (6833 bytes)
2025-07-21 16:14:26,447 - INFO - Hash MD5: 2b8d239a20f299fbb89cf6cc8933170f
2025-07-21 16:14:26,447 - INFO - Tentativa 1 de 3: Baixando de: http://m3u4u.com/epg/782dyqdrqkh1xegen4zp
2025-07-21 16:14:26,683 - INFO - Sucesso: /home/runner/work/playlists.github.io/playlists.github.io/epgportugal.m3u (2262348 bytes)
2025-07-21 16:14:26,686 - INFO - Sucesso: /home/runner/work/playlists.github.io/playlists.github.io/epgbrasil.m3u (639011 bytes)
2025-07-21 16:14:26,687 - INFO - Hash MD5: b45a4ecb7e9e16b774d737233baa4560
2025-07-21 16:14:26,687 - INFO - Hash MD5: fce788edd736f5407b18f61966f41949
2025-07-21 16:14:27,353 - INFO - Sucesso: /home/runner/work/playlists.github.io/playlists.github.io/epgportugal.xml.gz (1993086 bytes)
2025-07-21 16:14:27,357 - INFO - Hash MD5: 9364885d2b55a41628824f999d644e04
2025-07-21 16:14:27,558 - INFO - Sucesso: /home/runner/work/playlists.github.io/playlists.github.io/epgbrasilportugal.xml.gz (111729 bytes)
2025-07-21 16:14:27,558 - INFO - Hash MD5: e709b2ff428a55b9454953dc7f30083e
2025-07-21 16:14:27,725 - INFO - Sucesso: /home/runner/work/playlists.github.io/playlists.github.io/epgbrasil.xml.gz (732140 bytes)
2025-07-21 16:14:27,727 - INFO - Hash MD5: ab4f43aed190bf9e21e58fecd10d4084
2025-07-21 16:14:27,727 - INFO - Downloads concluídos.
